Determining if the pthread_create exist failed with the following output:
Change Dir: /home/moji/gps_workspace/build/CMakeFiles/CMakeTmp

Run Build Command:"/usr/bin/make" "cmTC_337ea/fast"
/usr/bin/make -f CMakeFiles/cmTC_337ea.dir/build.make CMakeFiles/cmTC_337ea.dir/build
make[1]: Entering directory '/home/moji/gps_workspace/build/CMakeFiles/CMakeTmp'
Building C object CMakeFiles/cmTC_337ea.dir/CheckSymbolExists.c.o
/usr/bin/cc    -o CMakeFiles/cmTC_337ea.dir/CheckSymbolExists.c.o   -c /home/moji/gps_workspace/build/CMakeFiles/CMakeTmp/CheckSymbolExists.c
Linking C executable cmTC_337ea
/usr/bin/cmake -E cmake_link_script CMakeFiles/cmTC_337ea.dir/link.txt --verbose=1
/usr/bin/cc      -rdynamic CMakeFiles/cmTC_337ea.dir/CheckSymbolExists.c.o  -o cmTC_337ea 
CMakeFiles/cmTC_337ea.dir/CheckSymbolExists.c.o: In function `main':
CheckSymbolExists.c:(.text+0x1b): undefined reference to `pthread_create'
collect2: error: ld returned 1 exit status
CMakeFiles/cmTC_337ea.dir/build.make:97: recipe for target 'cmTC_337ea' failed
make[1]: *** [cmTC_337ea] Error 1
make[1]: Leaving directory '/home/moji/gps_workspace/build/CMakeFiles/CMakeTmp'
Makefile:126: recipe for target 'cmTC_337ea/fast' failed
make: *** [cmTC_337ea/fast] Error 2

File /home/moji/gps_workspace/build/CMakeFiles/CMakeTmp/CheckSymbolExists.c:
/* */
#include <pthread.h>

int main(int argc, char** argv)
{
  (void)argv;
#ifndef pthread_create
  return ((int*)(&pthread_create))[argc];
#else
  (void)argc;
  return 0;
#endif
}

Determining if the function pthread_create exists in the pthreads failed with the following output:
Change Dir: /home/moji/gps_workspace/build/CMakeFiles/CMakeTmp

Run Build Command:"/usr/bin/make" "cmTC_99cca/fast"
/usr/bin/make -f CMakeFiles/cmTC_99cca.dir/build.make CMakeFiles/cmTC_99cca.dir/build
make[1]: Entering directory '/home/moji/gps_workspace/build/CMakeFiles/CMakeTmp'
Building C object CMakeFiles/cmTC_99cca.dir/CheckFunctionExists.c.o
/usr/bin/cc   -DCHECK_FUNCTION_EXISTS=pthread_create   -o CMakeFiles/cmTC_99cca.dir/CheckFunctionExists.c.o   -c /usr/share/cmake-3.10/Modules/CheckFunctionExists.c
Linking C executable cmTC_99cca
/usr/bin/cmake -E cmake_link_script CMakeFiles/cmTC_99cca.dir/link.txt --verbose=1
/usr/bin/cc  -DCHECK_FUNCTION_EXISTS=pthread_create    -rdynamic CMakeFiles/cmTC_99cca.dir/CheckFunctionExists.c.o  -o cmTC_99cca -lpthreads 
/usr/bin/ld: cannot find -lpthreads
collect2: error: ld returned 1 exit status
CMakeFiles/cmTC_99cca.dir/build.make:97: recipe for target 'cmTC_99cca' failed
make[1]: *** [cmTC_99cca] Error 1
make[1]: Leaving directory '/home/moji/gps_workspace/build/CMakeFiles/CMakeTmp'
Makefile:126: recipe for target 'cmTC_99cca/fast' failed
make: *** [cmTC_99cca/fast] Error 2


